<?xml version="1.0" encoding="UTF-8"?>
<!-- Generated by org.testng.reporters.JUnitXMLReporter -->
<testsuite ignored="0" hostname="WINDOWS-NBFRO6B" failures="0" tests="1" name="Default test(failed)" time="0.087" errors="0" timestamp="19 Dec 2022 12:53:26 GMT">
  <testcase classname="com.inetBankingV1.testcases.Baseclass" name="@BeforeClass setup" time="0.0">
    <failure type="org.testng.TestNGException" message="
Parameter &amp;apos;browser&amp;apos; is required by BeforeClass on method setup but has not been marked @Optional or defined
in D:\workspace\inetBankingV1\test-output\testng-failed.xml">
      <![CDATA[org.testng.TestNGException: 
Parameter 'browser' is required by BeforeClass on method setup but has not been marked @Optional or defined
in D:\workspace\inetBankingV1\test-output\testng-failed.xml
... Removed 23 stack frames]]>
    </failure>
  </testcase> <!-- @BeforeClass setup -->
  <testcase classname="com.inetBankingV1.testcases.Baseclass" name="@AfterClass teardown" time="0.0">
    <skipped/>
  </testcase> <!-- @AfterClass teardown -->
  <testcase classname="com.inetBankingV1.testcases.TC_AddCoustmrTest_003" name="addNewCstmr" time="0.0">
    <skipped/>
  </testcase> <!-- addNewCstmr -->
</testsuite> <!-- Default test(failed) -->
